<?xml version="1.0" encoding="UTF-8"?>
<!-- Generated by org.testng.reporters.JUnitReportReporter -->
<testsuite hostname="Jhansi29" failures="0" tests="1" name="com.test.qa.HYRTutorials.WindowHandles_Ex_01" time="20.184" errors="0" timestamp="2025-05-02T12:01:58 IST" skipped="0">
  <testcase classname="com.test.qa.HYRTutorials.WindowHandles_Ex_01" name="WindowHandle" time="20.184"/>
</testsuite> <!-- com.test.qa.HYRTutorials.WindowHandles_Ex_01 -->
