<?xml version="1.0" encoding="UTF-8"?>
<!-- Generated by org.testng.reporters.JUnitReportReporter -->
<testsuite hostname="Jhansi29" failures="0" tests="3" name="com.test.qa.Dataprovider.Indices_DataProvider_Ex_05" time="0.095" errors="0" timestamp="2025-03-22T17:42:27 IST" skipped="0">
  <testcase classname="com.test.qa.Dataprovider.Indices_DataProvider_Ex_05" name="test_indices_DP4" time="0.081"/>
  <system-out/>
  <testcase classname="com.test.qa.Dataprovider.Indices_DataProvider_Ex_05" name="test_indices_DP4" time="0.005"/>
  <system-out/>
  <testcase classname="com.test.qa.Dataprovider.Indices_DataProvider_Ex_05" name="test_indices_DP4" time="0.009"/>
  <system-out/>
</testsuite> <!-- com.test.qa.Dataprovider.Indices_DataProvider_Ex_05 -->
