<?xml version="1.0" encoding="UTF-8"?>
<!-- Generated by org.testng.reporters.JUnitReportReporter -->
<testsuite hostname="Jhansi29" failures="0" tests="4" name="com.test.qa.dropdown.Handling_DropDown_Ex_002" time="75.377" errors="0" timestamp="2025-04-21T19:28:50 IST" skipped="0">
  <testcase classname="com.test.qa.dropdown.Handling_DropDown_Ex_002" name="verify_dropdown_select_visibleValue" time="18.884"/>
  <testcase classname="com.test.qa.dropdown.Handling_DropDown_Ex_002" name="verify_dropdown_select_index" time="19.301"/>
  <testcase classname="com.test.qa.dropdown.Handling_DropDown_Ex_002" name="verify_dropdown_select_GetOptions" time="17.676"/>
  <testcase classname="com.test.qa.dropdown.Handling_DropDown_Ex_002" name="verify_dropdown_select_visibilityText" time="19.516"/>
</testsuite> <!-- com.test.qa.dropdown.Handling_DropDown_Ex_002 -->
