<?xml version="1.0" encoding="UTF-8"?>
<!-- Generated by org.testng.reporters.JUnitReportReporter -->
<testsuite hostname="Jhansi29" failures="0" tests="16" name="com.test.qa.Dataprovider.DataProvider_singleDA_Ex_02" time="0.196" errors="0" timestamp="2025-03-21T20:02:53 IST" skipped="0">
  <testcase classname="com.test.qa.Dataprovider.DataProvider_singleDA_Ex_02" name="testsingledimentionalarray" time="0.005"/>
  <system-out/>
  <testcase classname="com.test.qa.Dataprovider.DataProvider_singleDA_Ex_02" name="testsingledimentionalarray" time="0.009"/>
  <system-out/>
  <testcase classname="com.test.qa.Dataprovider.DataProvider_singleDA_Ex_02" name="testsingledimentionalarray" time="0.011"/>
  <system-out/>
  <testcase classname="com.test.qa.Dataprovider.DataProvider_singleDA_Ex_02" name="testsingledimentionalarray" time="0.004"/>
  <system-out/>
  <testcase classname="com.test.qa.Dataprovider.DataProvider_singleDA_Ex_02" name="testsingledimentionalarray" time="0.004"/>
  <system-out/>
  <testcase classname="com.test.qa.Dataprovider.DataProvider_singleDA_Ex_02" name="testsingledimentionalarray" time="0.013"/>
  <system-out/>
  <testcase classname="com.test.qa.Dataprovider.DataProvider_singleDA_Ex_02" name="testsingledimentionalarray" time="0.005"/>
  <system-out/>
  <testcase classname="com.test.qa.Dataprovider.DataProvider_singleDA_Ex_02" name="testsingledimentionalarray" time="0.010"/>
  <system-out/>
  <testcase classname="com.test.qa.Dataprovider.DataProvider_singleDA_Ex_02" name="testsingledimentionalarray" time="0.005"/>
  <system-out/>
  <testcase classname="com.test.qa.Dataprovider.DataProvider_singleDA_Ex_02" name="testsingledimentionalarray" time="0.012"/>
  <system-out/>
  <testcase classname="com.test.qa.Dataprovider.DataProvider_singleDA_Ex_02" name="testsingledimentionalarray" time="0.005"/>
  <system-out/>
  <testcase classname="com.test.qa.Dataprovider.DataProvider_singleDA_Ex_02" name="testsingledimentionalarray" time="0.006"/>
  <system-out/>
  <testcase classname="com.test.qa.Dataprovider.DataProvider_singleDA_Ex_02" name="testsingledimentionalarray" time="0.008"/>
  <system-out/>
  <testcase classname="com.test.qa.Dataprovider.DataProvider_singleDA_Ex_02" name="testsingledimentionalarray" time="0.004"/>
  <system-out/>
  <testcase classname="com.test.qa.Dataprovider.DataProvider_singleDA_Ex_02" name="testsingledimentionalarray" time="0.089"/>
  <system-out/>
  <testcase classname="com.test.qa.Dataprovider.DataProvider_singleDA_Ex_02" name="testsingledimentionalarray" time="0.006"/>
  <system-out/>
</testsuite> <!-- com.test.qa.Dataprovider.DataProvider_singleDA_Ex_02 -->
