<?xml version="1.0" encoding="UTF-8"?>
<!-- Generated by org.testng.reporters.JUnitReportReporter -->
<testsuite hostname="Jhansi29" failures="0" tests="6" name="com.test.qa.Parallel.Test01" time="0.227" errors="0" timestamp="2025-04-10T08:22:38 IST" skipped="0">
  <testcase classname="com.test.qa.Parallel.Test01" name="TestMethod05" time="0.021"/>
  <testcase classname="com.test.qa.Parallel.Test01" name="TestMethod02" time="0.016"/>
  <testcase classname="com.test.qa.Parallel.Test01" name="TestMethod01" time="0.118"/>
  <testcase classname="com.test.qa.Parallel.Test01" name="TestMethod06" time="0.016"/>
  <testcase classname="com.test.qa.Parallel.Test01" name="TestMethod03" time="0.011"/>
  <testcase classname="com.test.qa.Parallel.Test01" name="TestMethod04" time="0.045"/>
</testsuite> <!-- com.test.qa.Parallel.Test01 -->
