<?xml version="1.0" encoding="UTF-8"?>
<!-- Generated by org.testng.reporters.JUnitReportReporter -->
<testsuite hostname="Jhansi29" failures="0" tests="1" name="com.letcode.qa.flipkart" time="0.292" errors="0" timestamp="2025-05-14T22:23:19 IST" skipped="0">
  <testcase classname="com.letcode.qa.flipkart" name="searchiphoneamdgetprice" time="0.292"/>
</testsuite> <!-- com.letcode.qa.flipkart -->
