<?xml version="1.0" encoding="UTF-8"?>
<!-- Generated by org.testng.reporters.JUnitReportReporter -->
<testsuite hostname="Jhansi29" failures="0" tests="6" name="com.test.qa.Parallel.Test03" time="0.048" errors="0" timestamp="2025-04-04T22:01:12 IST" skipped="0">
  <testcase classname="com.test.qa.Parallel.Test03" name="TestMethod10" time="0.007"/>
  <testcase classname="com.test.qa.Parallel.Test03" name="TestMethod12" time="0.009"/>
  <testcase classname="com.test.qa.Parallel.Test03" name="TestMethod14" time="0.010"/>
  <testcase classname="com.test.qa.Parallel.Test03" name="TestMethod11" time="0.013"/>
  <testcase classname="com.test.qa.Parallel.Test03" name="TestMethod13" time="0.005"/>
  <testcase classname="com.test.qa.Parallel.Test03" name="TestMethod15" time="0.004"/>
</testsuite> <!-- com.test.qa.Parallel.Test03 -->
