<?xml version="1.0" encoding="UTF-8"?>
<!-- Generated by org.testng.reporters.JUnitReportReporter -->
<testsuite hostname="Jhansi29" failures="0" tests="2" name="com.test.qa.SDETQA_tricks.Trick2_IFrames" time="17.679" errors="0" timestamp="2025-04-14T00:06:33 IST" skipped="0">
  <testcase classname="com.test.qa.SDETQA_tricks.Trick2_IFrames" name="iframehandling_Usingswitchto" time="8.224"/>
  <testcase classname="com.test.qa.SDETQA_tricks.Trick2_IFrames" name="IframeHandling_Usingexplicitwait" time="9.455"/>
</testsuite> <!-- com.test.qa.SDETQA_tricks.Trick2_IFrames -->
