<?xml version="1.0" encoding="UTF-8"?>
<!-- Generated by org.testng.reporters.JUnitReportReporter -->
<testsuite hostname="Jhansi29" failures="0" tests="4" name="com.test.qa.retrylogic.TestRetryClass" time="0.116" errors="0" timestamp="2025-04-11T22:04:30 IST" skipped="1">
  <testcase classname="com.test.qa.retrylogic.TestRetryClass" name="testPassed" time="0.006"/>
  <testcase classname="com.test.qa.retrylogic.TestRetryClass" name="testMayFail" time="0.022">
    <skipped/>
  </testcase> <!-- testMayFail -->
  <testcase classname="com.test.qa.retrylogic.TestRetryClass" name="testFailed" time="0.082"/>
  <testcase classname="com.test.qa.retrylogic.TestRetryClass" name="testMayFail" time="0.006"/>
</testsuite> <!-- com.test.qa.retrylogic.TestRetryClass -->
