<?xml version="1.0" encoding="UTF-8"?>
<!-- Generated by org.testng.reporters.JUnitReportReporter -->
<testsuite hostname="Jhansi29" failures="0" tests="3" name="com.test.qa.Dataprovider.Datafrom_excelclass_Ex_07" time="38.273" errors="0" timestamp="2025-04-16T16:17:07 IST" skipped="0">
  <testcase classname="com.test.qa.Dataprovider.Datafrom_excelclass_Ex_07" name="testdatafrom_excel_DPclass" time="8.460"/>
  <testcase classname="com.test.qa.Dataprovider.Datafrom_excelclass_Ex_07" name="testdatafrom_excel_DPclass" time="11.751"/>
  <testcase classname="com.test.qa.Dataprovider.Datafrom_excelclass_Ex_07" name="testdatafrom_excel_DPclass" time="18.062"/>
</testsuite> <!-- com.test.qa.Dataprovider.Datafrom_excelclass_Ex_07 -->
