<?xml version="1.0" encoding="UTF-8"?>
<!-- Generated by org.testng.reporters.JUnitReportReporter -->
<testsuite hostname="Jhansi29" failures="0" tests="6" name="com.test.qa.tests.groups_testng" time="0.101" errors="0" timestamp="2025-03-16T17:06:46 IST" skipped="0">
  <testcase classname="com.test.qa.tests.groups_testng" name="Test6" time="0.006"/>
  <system-out/>
  <testcase classname="com.test.qa.tests.groups_testng" name="Test4" time="0.005"/>
  <system-out/>
  <testcase classname="com.test.qa.tests.groups_testng" name="Test3" time="0.004"/>
  <system-out/>
  <testcase classname="com.test.qa.tests.groups_testng" name="Test1" time="0.078"/>
  <system-out/>
  <testcase classname="com.test.qa.tests.groups_testng" name="Test7" time="0.003"/>
  <system-out/>
  <testcase classname="com.test.qa.tests.groups_testng" name="Test2" time="0.005"/>
  <system-out/>
</testsuite> <!-- com.test.qa.tests.groups_testng -->
