<?xml version="1.0" encoding="UTF-8"?>
<!-- Generated by org.testng.reporters.JUnitReportReporter -->
<testsuite hostname="Jhansi29" failures="0" tests="2" name="com.test.qa.dropdown.Handling_drop_down_Ex_001" time="25.566" errors="0" timestamp="2025-04-14T23:01:44 IST" skipped="0">
  <testcase classname="com.test.qa.dropdown.Handling_drop_down_Ex_001" name="VerifySorted_options01" time="15.470"/>
  <testcase classname="com.test.qa.dropdown.Handling_drop_down_Ex_001" name="Verify_dropdownlist_sorted_02" time="10.096"/>
</testsuite> <!-- com.test.qa.dropdown.Handling_drop_down_Ex_001 -->
