<?xml version="1.0" encoding="UTF-8"?>
<!-- Generated by org.testng.reporters.JUnitReportReporter -->
<testsuite hostname="Jhansi29" failures="0" tests="6" name="com.test.qa.Parallel.parallel_with_DP" time="126.004" errors="0" timestamp="2025-03-24T22:28:07 IST" skipped="0">
  <testcase classname="com.test.qa.Parallel.parallel_with_DP" name="testLogin_parallel" time="22.735"/>
  <system-out/>
  <testcase classname="com.test.qa.Parallel.parallel_with_DP" name="testLogin_parallel" time="21.980"/>
  <system-out/>
  <testcase classname="com.test.qa.Parallel.parallel_with_DP" name="testLogin_parallel" time="20.227"/>
  <system-out/>
  <testcase classname="com.test.qa.Parallel.parallel_with_DP" name="testLogin_parallel" time="20.480"/>
  <system-out/>
  <testcase classname="com.test.qa.Parallel.parallel_with_DP" name="testLogin_parallel" time="20.334"/>
  <system-out/>
  <testcase classname="com.test.qa.Parallel.parallel_with_DP" name="testLogin_parallel" time="20.248"/>
  <system-out/>
</testsuite> <!-- com.test.qa.Parallel.parallel_with_DP -->
