<?xml version="1.0" encoding="UTF-8"?>
<!-- Generated by org.testng.reporters.JUnitReportReporter -->
<testsuite hostname="Jhansi29" failures="0" tests="1" name="com.test.qa.Orange_hrm_tables" time="23.038" errors="0" timestamp="2025-03-06T00:13:21 IST" skipped="0">
  <testcase classname="com.test.qa.Orange_hrm_tables" name="handling_webtable" time="23.038"/>
  <system-out/>
</testsuite> <!-- com.test.qa.Orange_hrm_tables -->
