<?xml version="1.0" encoding="UTF-8"?>
<!-- Generated by org.testng.reporters.JUnitReportReporter -->
<testsuite hostname="Jhansi29" failures="0" tests="3" name="com.test.qa.tests.dependency_testng_ex_01" time="0.090" errors="0" timestamp="2025-03-17T13:42:48 IST" skipped="0">
  <testcase classname="com.test.qa.tests.dependency_testng_ex_01" name="createShipment" time="0.083"/>
  <system-out/>
  <testcase classname="com.test.qa.tests.dependency_testng_ex_01" name="trackShipment" time="0.005"/>
  <system-out/>
  <testcase classname="com.test.qa.tests.dependency_testng_ex_01" name="cancelShipment" time="0.002"/>
  <system-out/>
</testsuite> <!-- com.test.qa.tests.dependency_testng_ex_01 -->
