<?xml version="1.0" encoding="UTF-8"?>
<!-- Generated by org.testng.reporters.JUnitReportReporter -->
<testsuite hostname="Jhansi29" failures="0" tests="2" name="com.test.qa.Annotations.AnnotationsTesting" time="0.119" errors="0" timestamp="2025-04-13T08:54:14 IST" skipped="0">
  <testcase classname="com.test.qa.Annotations.AnnotationsTesting" name="Test2" time="0.014"/>
  <testcase classname="com.test.qa.Annotations.AnnotationsTesting" name="Test1" time="0.105"/>
</testsuite> <!-- com.test.qa.Annotations.AnnotationsTesting -->
