<?xml version="1.0" encoding="UTF-8"?>
<!-- Generated by org.testng.reporters.JUnitReportReporter -->
<testsuite hostname="Jhansi29" failures="0" tests="12" name="com.test.qa.Dataprovider.DataProvider_multiDA_Ex_03" time="0.142" errors="0" timestamp="2025-03-21T23:58:05 IST" skipped="0">
  <testcase classname="com.test.qa.Dataprovider.DataProvider_multiDA_Ex_03" name="test_multi_dimensionalarray" time="0.007"/>
  <system-out/>
  <testcase classname="com.test.qa.Dataprovider.DataProvider_multiDA_Ex_03" name="test_multi_dimensionalarray" time="0.002"/>
  <system-out/>
  <testcase classname="com.test.qa.Dataprovider.DataProvider_multiDA_Ex_03" name="test_multi_dimensionalarray" time="0.005"/>
  <system-out/>
  <testcase classname="com.test.qa.Dataprovider.DataProvider_multiDA_Ex_03" name="test_multi_dimensionalarray" time="0.005"/>
  <system-out/>
  <testcase classname="com.test.qa.Dataprovider.DataProvider_multiDA_Ex_03" name="test_multi_dimensionalarray" time="0.006"/>
  <system-out/>
  <testcase classname="com.test.qa.Dataprovider.DataProvider_multiDA_Ex_03" name="test_jagged_array" time="0.081"/>
  <system-out/>
  <testcase classname="com.test.qa.Dataprovider.DataProvider_multiDA_Ex_03" name="test_jagged_array" time="0.005"/>
  <system-out/>
  <testcase classname="com.test.qa.Dataprovider.DataProvider_multiDA_Ex_03" name="test_jagged_array" time="0.007"/>
  <system-out/>
  <testcase classname="com.test.qa.Dataprovider.DataProvider_multiDA_Ex_03" name="test_multi_dimensionalarray" time="0.007"/>
  <system-out/>
  <testcase classname="com.test.qa.Dataprovider.DataProvider_multiDA_Ex_03" name="test_multi_dimensionalarray" time="0.007"/>
  <system-out/>
  <testcase classname="com.test.qa.Dataprovider.DataProvider_multiDA_Ex_03" name="test_jagged_array" time="0.005"/>
  <system-out/>
  <testcase classname="com.test.qa.Dataprovider.DataProvider_multiDA_Ex_03" name="test_multi_dimensionalarray" time="0.005"/>
  <system-out/>
</testsuite> <!-- com.test.qa.Dataprovider.DataProvider_multiDA_Ex_03 -->
