<?xml version="1.0" encoding="UTF-8"?>
<!-- Generated by org.testng.reporters.JUnitReportReporter -->
<testsuite hostname="Jhansi29" failures="0" tests="1" name="com.test.qa.handling_Iframes" time="3.276" errors="0" timestamp="2025-03-11T14:06:19 IST" skipped="0">
  <testcase classname="com.test.qa.handling_Iframes" name="handling_Iframe_with_SwitchTo" time="3.276"/>
  <system-out/>
</testsuite> <!-- com.test.qa.handling_Iframes -->
