<?xml version="1.0" encoding="UTF-8"?>
<!-- Generated by org.testng.reporters.JUnitReportReporter -->
<testsuite hostname="Jhansi29" failures="0" tests="3" name="com.test.qa.Parallel.Test02" time="0.181" errors="0" timestamp="2025-04-10T08:22:38 IST" skipped="0">
  <testcase classname="com.test.qa.Parallel.Test02" name="TestMethod08" time="0.051"/>
  <testcase classname="com.test.qa.Parallel.Test02" name="TestMethod09" time="0.011"/>
  <testcase classname="com.test.qa.Parallel.Test02" name="TestMethod07" time="0.119"/>
</testsuite> <!-- com.test.qa.Parallel.Test02 -->
