<?xml version="1.0" encoding="UTF-8"?>
<!-- Generated by org.testng.reporters.JUnitReportReporter -->
<testsuite hostname="Jhansi29" failures="0" tests="4" name="com.test.qa.JavaScriptExecutor.movetoelementandscrollup" time="34.525" errors="0" timestamp="2025-05-15T23:20:02 IST" skipped="1">
  <testcase classname="com.test.qa.JavaScriptExecutor.movetoelementandscrollup" name="TC3_MovetoPageEnd" time="13.397"/>
  <testcase classname="com.test.qa.JavaScriptExecutor.movetoelementandscrollup" name="TC4_HandleAlert" time="0.006"/>
  <testcase classname="com.test.qa.JavaScriptExecutor.movetoelementandscrollup" name="TC2_MovetoElement" time="21.122"/>
  <testcase classname="com.test.qa.JavaScriptExecutor.movetoelementandscrollup" name="TC1_ZoominZoomout">
    <skipped/>
  </testcase> <!-- TC1_ZoominZoomout -->
</testsuite> <!-- com.test.qa.JavaScriptExecutor.movetoelementandscrollup -->
