<?xml version="1.0" encoding="UTF-8"?>
<!-- Generated by org.testng.reporters.JUnitReportReporter -->
<testsuite hostname="Jhansi29" failures="0" tests="2" name="com.test.qa.Assert_handling" time="9.658" errors="0" timestamp="2025-03-09T01:54:06 IST" skipped="0">
  <testcase classname="com.test.qa.Assert_handling" name="Handling_Assertions_hard" time="5.642"/>
  <system-out/>
  <testcase classname="com.test.qa.Assert_handling" name="Handling_Assertions_soft" time="4.016"/>
  <system-out/>
</testsuite> <!-- com.test.qa.Assert_handling -->
