<?xml version="1.0" encoding="UTF-8"?>
<!-- Generated by org.testng.reporters.JUnitReportReporter -->
<testsuite hostname="Jhansi29" failures="0" tests="1" name="com.test.qa.pagenation.canvaportal_pagenavigation" time="17.516" errors="0" timestamp="2025-04-13T18:17:32 IST" skipped="0">
  <testcase classname="com.test.qa.pagenation.canvaportal_pagenavigation" name="testcanva" time="17.516"/>
</testsuite> <!-- com.test.qa.pagenation.canvaportal_pagenavigation -->
