<?xml version="1.0" encoding="UTF-8"?>
<!-- Generated by org.testng.reporters.JUnitReportReporter -->
<testsuite hostname="Jhansi29" failures="0" tests="4" name="com.test.qa.Annotations.AnnotationsTestingClass1" time="0.142" errors="0" timestamp="2025-04-13T09:18:41 IST" skipped="0">
  <testcase classname="com.test.qa.Annotations.AnnotationsTestingClass1" name="Test1" time="0.091"/>
  <testcase classname="com.test.qa.Annotations.AnnotationsTestingClass1" name="Test2" time="0.014"/>
  <testcase classname="com.test.qa.Annotations.AnnotationsTestingClass1" name="Test2" time="0.027"/>
  <testcase classname="com.test.qa.Annotations.AnnotationsTestingClass1" name="Test1" time="0.010"/>
</testsuite> <!-- com.test.qa.Annotations.AnnotationsTestingClass1 -->
