<?xml version="1.0" encoding="UTF-8"?>
<!-- Generated by org.testng.reporters.JUnitReportReporter -->
<testsuite hostname="Jhansi29" failures="0" tests="1" name="com.test.qa.selenium_VWO_APP_Locators" time="22.655" errors="0" timestamp="2025-03-07T00:32:35 IST" skipped="0">
  <testcase classname="com.test.qa.selenium_VWO_APP_Locators" name="Test_VWO_APP_locators" time="22.655"/>
  <system-out/>
</testsuite> <!-- com.test.qa.selenium_VWO_APP_Locators -->
