<?xml version="1.0" encoding="UTF-8"?>
<!-- Generated by org.testng.reporters.JUnitReportReporter -->
<testsuite hostname="Jhansi29" failures="0" tests="9" name="com.test.qa.Dataprovider.Iterator_DataProvider_Ex_04" time="0.131" errors="0" timestamp="2025-03-22T00:46:37 IST" skipped="0">
  <testcase classname="com.test.qa.Dataprovider.Iterator_DataProvider_Ex_04" name="test_iterator_Set_02" time="0.006"/>
  <system-out/>
  <testcase classname="com.test.qa.Dataprovider.Iterator_DataProvider_Ex_04" name="test_iterator_Set_02" time="0.004"/>
  <system-out/>
  <testcase classname="com.test.qa.Dataprovider.Iterator_DataProvider_Ex_04" name="test_iterator_Set_array_02" time="0.006"/>
  <system-out/>
  <testcase classname="com.test.qa.Dataprovider.Iterator_DataProvider_Ex_04" name="test_iterator_List_01" time="0.010"/>
  <system-out/>
  <testcase classname="com.test.qa.Dataprovider.Iterator_DataProvider_Ex_04" name="test_iterator_Set_array_02" time="0.004"/>
  <system-out/>
  <testcase classname="com.test.qa.Dataprovider.Iterator_DataProvider_Ex_04" name="test_iterator_Set_array_02" time="0.006"/>
  <system-out/>
  <testcase classname="com.test.qa.Dataprovider.Iterator_DataProvider_Ex_04" name="test_iterator_List_01" time="0.006"/>
  <system-out/>
  <testcase classname="com.test.qa.Dataprovider.Iterator_DataProvider_Ex_04" name="test_iterator_List_01" time="0.080"/>
  <system-out/>
  <testcase classname="com.test.qa.Dataprovider.Iterator_DataProvider_Ex_04" name="test_iterator_Set_02" time="0.009"/>
  <system-out/>
</testsuite> <!-- com.test.qa.Dataprovider.Iterator_DataProvider_Ex_04 -->
