<?xml version="1.0" encoding="UTF-8"?>
<!-- Generated by org.testng.reporters.JUnitReportReporter -->
<testsuite hostname="Jhansi29" failures="0" tests="4" name="com.test.qa.handling_alerts" time="15.194" errors="0" timestamp="2025-03-10T11:40:06 IST" skipped="0">
  <testcase classname="com.test.qa.handling_alerts" name="Handling_SimpleAlert_withEplicitWait" time="3.656"/>
  <system-out/>
  <testcase classname="com.test.qa.handling_alerts" name="Handling_SimpleAlert_basicSwitch" time="4.066"/>
  <system-out/>
  <testcase classname="com.test.qa.handling_alerts" name="Handling_SimpleAlert_WithJSExecutor" time="3.006"/>
  <system-out/>
  <testcase classname="com.test.qa.handling_alerts" name="Handling_SimpleAlert" time="4.466"/>
  <system-out/>
</testsuite> <!-- com.test.qa.handling_alerts -->
