<?xml version="1.0" encoding="UTF-8"?>
<!-- Generated by org.testng.reporters.JUnitReportReporter -->
<testsuite hostname="Jhansi29" failures="0" tests="3" name="com.test.qa.Dataprovider.DataProvidee_baseTest_ex_06" time="0.136" errors="0" timestamp="2025-05-06T20:52:49 IST" skipped="0">
  <testcase classname="com.test.qa.Dataprovider.DataProvidee_baseTest_ex_06" name="Test_DataSupplier" time="0.033"/>
  <testcase classname="com.test.qa.Dataprovider.DataProvidee_baseTest_ex_06" name="Test_DataSupplier" time="0.090"/>
  <testcase classname="com.test.qa.Dataprovider.DataProvidee_baseTest_ex_06" name="Test_DataSupplier" time="0.013"/>
</testsuite> <!-- com.test.qa.Dataprovider.DataProvidee_baseTest_ex_06 -->
