<?xml version="1.0" encoding="UTF-8"?>
<!-- Generated by org.testng.reporters.JUnitReportReporter -->
<testsuite hostname="Jhansi29" failures="0" tests="2" name="com.test.qa.tests.Assert_handling" time="9.729" errors="0" timestamp="2025-03-16T15:53:25 IST" skipped="0">
  <testcase classname="com.test.qa.tests.Assert_handling" name="Handling_Assertions_hard" time="5.752"/>
  <system-out/>
  <testcase classname="com.test.qa.tests.Assert_handling" name="Handling_Assertions_soft" time="3.977"/>
  <system-out/>
</testsuite> <!-- com.test.qa.tests.Assert_handling -->
