<?xml version="1.0" encoding="UTF-8"?>
<!-- Generated by org.testng.reporters.JUnitReportReporter -->
<testsuite hostname="Jhansi29" failures="0" tests="6" name="com.test.qa.tests.groups_testng2" time="0.027" errors="0" timestamp="2025-03-16T17:06:46 IST" skipped="0">
  <testcase classname="com.test.qa.tests.groups_testng2" name="Test13" time="0.006"/>
  <system-out/>
  <testcase classname="com.test.qa.tests.groups_testng2" name="Test8" time="0.003"/>
  <system-out/>
  <testcase classname="com.test.qa.tests.groups_testng2" name="Test14" time="0.004"/>
  <system-out/>
  <testcase classname="com.test.qa.tests.groups_testng2" name="Test11" time="0.004"/>
  <system-out/>
  <testcase classname="com.test.qa.tests.groups_testng2" name="Test9" time="0.006"/>
  <system-out/>
  <testcase classname="com.test.qa.tests.groups_testng2" name="Test10" time="0.004"/>
  <system-out/>
</testsuite> <!-- com.test.qa.tests.groups_testng2 -->
