<?xml version="1.0" encoding="UTF-8"?>
<!-- Generated by org.testng.reporters.JUnitReportReporter -->
<testsuite hostname="Jhansi29" failures="0" tests="2" name="com.test.qa.SDETQA_tricks.Trick8_PageScrollandfindelement" time="28.491" errors="0" timestamp="2025-04-15T16:26:08 IST" skipped="0">
  <testcase classname="com.test.qa.SDETQA_tricks.Trick8_PageScrollandfindelement" name="verify_element_scrollingdata01" time="17.984"/>
  <testcase classname="com.test.qa.SDETQA_tricks.Trick8_PageScrollandfindelement" name="verify_element_scrollingdata" time="10.507"/>
</testsuite> <!-- com.test.qa.SDETQA_tricks.Trick8_PageScrollandfindelement -->
