<?xml version="1.0" encoding="UTF-8"?>
<!-- Generated by org.testng.reporters.JUnitReportReporter -->
<testsuite hostname="Jhansi29" failures="0" tests="4" name="com.test.qa.Annotations.AnnotationsTestingClass2" time="0.061" errors="0" timestamp="2025-04-13T09:18:41 IST" skipped="0">
  <testcase classname="com.test.qa.Annotations.AnnotationsTestingClass2" name="Test4" time="0.010"/>
  <testcase classname="com.test.qa.Annotations.AnnotationsTestingClass2" name="Test3" time="0.012"/>
  <testcase classname="com.test.qa.Annotations.AnnotationsTestingClass2" name="Test4" time="0.024"/>
  <testcase classname="com.test.qa.Annotations.AnnotationsTestingClass2" name="Test3" time="0.015"/>
</testsuite> <!-- com.test.qa.Annotations.AnnotationsTestingClass2 -->
