<?xml version="1.0" encoding="UTF-8"?>
<!-- Generated by org.testng.reporters.JUnitReportReporter -->
<testsuite hostname="Jhansi29" failures="0" tests="1" name="com.test.qa.automate_google_languagebar" time="3.085" errors="0" timestamp="2025-03-04T21:47:55 IST" skipped="0">
  <testcase classname="com.test.qa.automate_google_languagebar" name="Handle_google_languageBar" time="3.085"/>
  <system-out/>
</testsuite> <!-- com.test.qa.automate_google_languagebar -->
