<?xml version="1.0" encoding="UTF-8"?>
<!-- Generated by org.testng.reporters.JUnitReportReporter -->
<testsuite hostname="Jhansi29" failures="0" tests="2" name="com.test.qa.SDETQA_tricks.Trick7_pageScrolling" time="108.537" errors="0" timestamp="2025-04-15T08:23:46 IST" skipped="1">
  <testcase classname="com.test.qa.SDETQA_tricks.Trick7_pageScrolling" name="Pagescrolling_using_loop" time="108.537"/>
  <testcase classname="com.test.qa.SDETQA_tricks.Trick7_pageScrolling" name="pagescrollingusing_JSE">
    <skipped/>
  </testcase> <!-- pagescrollingusing_JSE -->
</testsuite> <!-- com.test.qa.SDETQA_tricks.Trick7_pageScrolling -->
