<?xml version="1.0" encoding="UTF-8"?>
<!-- Generated by org.testng.reporters.JUnitReportReporter -->
<testsuite hostname="Jhansi29" failures="0" tests="7" name="com.test.qa.tests.gorups_partial_testng3" time="0.130" errors="0" timestamp="2025-03-16T17:40:48 IST" skipped="0">
  <testcase classname="com.test.qa.tests.gorups_partial_testng3" name="Test8" time="0.007"/>
  <system-out/>
  <testcase classname="com.test.qa.tests.gorups_partial_testng3" name="Test14" time="0.005"/>
  <system-out/>
  <testcase classname="com.test.qa.tests.gorups_partial_testng3" name="Test13" time="0.011"/>
  <system-out/>
  <testcase classname="com.test.qa.tests.gorups_partial_testng3" name="Test10" time="0.093"/>
  <system-out/>
  <testcase classname="com.test.qa.tests.gorups_partial_testng3" name="Test9" time="0.004"/>
  <system-out/>
  <testcase classname="com.test.qa.tests.gorups_partial_testng3" name="Test11" time="0.006"/>
  <system-out/>
  <testcase classname="com.test.qa.tests.gorups_partial_testng3" name="Test12" time="0.004"/>
  <system-out/>
</testsuite> <!-- com.test.qa.tests.gorups_partial_testng3 -->
