<?xml version="1.0" encoding="UTF-8"?>
<!-- Generated by org.testng.reporters.JUnitReportReporter -->
<testsuite hostname="Jhansi29" failures="0" tests="2" name="com.test.qa.all_actions_class_handlings" time="20.658" errors="0" timestamp="2025-03-10T15:58:06 IST" skipped="0">
  <testcase classname="com.test.qa.all_actions_class_handlings" name="test_actions_p2" time="6.505"/>
  <system-out/>
  <testcase classname="com.test.qa.all_actions_class_handlings" name="test_actions" time="14.153"/>
  <system-out/>
</testsuite> <!-- com.test.qa.all_actions_class_handlings -->
