<?xml version="1.0" encoding="UTF-8"?>
<!-- Generated by org.testng.reporters.JUnitReportReporter -->
<testsuite hostname="Jhansi29" failures="0" tests="3" name="com.test.qa.Dataprovider.Datafrom_excelclass_Ex_07" time="37.495" errors="0" timestamp="2025-05-06T20:57:51 IST" skipped="0">
  <testcase classname="com.test.qa.Dataprovider.Datafrom_excelclass_Ex_07" name="testdatafrom_excel_DPclass" time="12.655"/>
  <testcase classname="com.test.qa.Dataprovider.Datafrom_excelclass_Ex_07" name="testdatafrom_excel_DPclass" time="12.701"/>
  <testcase classname="com.test.qa.Dataprovider.Datafrom_excelclass_Ex_07" name="testdatafrom_excel_DPclass" time="12.139"/>
</testsuite> <!-- com.test.qa.Dataprovider.Datafrom_excelclass_Ex_07 -->
