<?xml version="1.0" encoding="UTF-8"?>
<!-- Generated by org.testng.reporters.JUnitReportReporter -->
<testsuite hostname="Jhansi29" failures="0" tests="3" name="com.test.qa.Dataprovider.DataProvidee_baseTest_ex_06" time="0.093" errors="0" timestamp="2025-03-22T20:26:07 IST" skipped="0">
  <testcase classname="com.test.qa.Dataprovider.DataProvidee_baseTest_ex_06" name="Test_DataSupplier" time="0.083"/>
  <system-out/>
  <testcase classname="com.test.qa.Dataprovider.DataProvidee_baseTest_ex_06" name="Test_DataSupplier" time="0.004"/>
  <system-out/>
  <testcase classname="com.test.qa.Dataprovider.DataProvidee_baseTest_ex_06" name="Test_DataSupplier" time="0.006"/>
  <system-out/>
</testsuite> <!-- com.test.qa.Dataprovider.DataProvidee_baseTest_ex_06 -->
