<?xml version="1.0" encoding="UTF-8"?>
<!-- Generated by org.testng.reporters.JUnitReportReporter -->
<testsuite hostname="Jhansi29" failures="0" tests="6" name="com.test.qa.Parallel.Test03" time="0.244" errors="0" timestamp="2025-04-10T08:22:38 IST" skipped="0">
  <testcase classname="com.test.qa.Parallel.Test03" name="TestMethod13" time="0.007"/>
  <testcase classname="com.test.qa.Parallel.Test03" name="TestMethod10" time="0.117"/>
  <testcase classname="com.test.qa.Parallel.Test03" name="TestMethod14" time="0.006"/>
  <testcase classname="com.test.qa.Parallel.Test03" name="TestMethod12" time="0.097"/>
  <testcase classname="com.test.qa.Parallel.Test03" name="TestMethod11" time="0.011"/>
  <testcase classname="com.test.qa.Parallel.Test03" name="TestMethod15" time="0.006"/>
</testsuite> <!-- com.test.qa.Parallel.Test03 -->
