<?xml version="1.0" encoding="UTF-8"?>
<!-- Generated by org.testng.reporters.JUnitReportReporter -->
<testsuite hostname="Jhansi29" failures="0" tests="3" name="com.test.qa.Dataprovider.Datafrom_excelclass_Ex_07" time="34.326" errors="0" timestamp="2025-03-24T14:38:29 IST" skipped="0">
  <testcase classname="com.test.qa.Dataprovider.Datafrom_excelclass_Ex_07" name="testdatafrom_excel_DPclass" time="12.718"/>
  <system-out/>
  <testcase classname="com.test.qa.Dataprovider.Datafrom_excelclass_Ex_07" name="testdatafrom_excel_DPclass" time="10.641"/>
  <system-out/>
  <testcase classname="com.test.qa.Dataprovider.Datafrom_excelclass_Ex_07" name="testdatafrom_excel_DPclass" time="10.967"/>
  <system-out/>
</testsuite> <!-- com.test.qa.Dataprovider.Datafrom_excelclass_Ex_07 -->
