<?xml version="1.0" encoding="UTF-8"?>
<!-- Generated by org.testng.reporters.JUnitReportReporter -->
<testsuite hostname="Jhansi29" failures="0" tests="4" name="com.test.qa.Parallel.BaseTest" time="39.525" errors="0" timestamp="2025-04-10T17:43:27 IST" skipped="0">
  <testcase classname="com.test.qa.Parallel.BaseTest" name="GetcustomerDetails" time="9.907"/>
  <testcase classname="com.test.qa.Parallel.BaseTest" name="GetcustomerDetails" time="9.858"/>
  <testcase classname="com.test.qa.Parallel.BaseTest" name="GetcustomerDetails" time="9.853"/>
  <testcase classname="com.test.qa.Parallel.BaseTest" name="GetcustomerDetails" time="9.907"/>
</testsuite> <!-- com.test.qa.Parallel.BaseTest -->
